[ 2016-11-11T20:56:03+08:00 ] ::1 /?XDEBUG_SESSION_START=15999
INFO: [ app_init ] --START--
INFO: Run Behavior\BuildLiteBehavior [ RunTime:0.000061s ]
INFO: [ app_init ] --END-- [ RunTime:0.000678s ]
INFO: [ app_begin ] --START--
INFO: Run Behavior\ReadHtmlCacheBehavior [ RunTime:0.000365s ]
INFO: [ app_begin ] --END-- [ RunTime:0.000567s ]

[ 2016-11-11T20:56:09+08:00 ] ::1 /user/add
INFO: [ app_init ] --START--
INFO: Run Behavior\BuildLiteBehavior [ RunTime:0.000063s ]
INFO: [ app_init ] --END-- [ RunTime:0.000595s ]
INFO: [ app_begin ] --START--
INFO: Run Behavior\ReadHtmlCacheBehavior [ RunTime:0.000371s ]
INFO: [ app_begin ] --END-- [ RunTime:0.000576s ]
NOTIC: [2048] Declaration of Home\Model\UserModel::add() should be compatible with Think\Model::add($data = '', $options = Array, $replace = false) /Applications/XAMPP/xamppfiles/htdocs/Application/Home/Model/UserModel.class.php 第 13 行.
ERR: SQLSTATE[HY000] [14] unable to open database file

[ 2016-11-11T20:56:16+08:00 ] ::1 /user/add
INFO: [ app_init ] --START--
INFO: Run Behavior\BuildLiteBehavior [ RunTime:0.000047s ]
INFO: [ app_init ] --END-- [ RunTime:0.000505s ]
INFO: [ app_begin ] --START--
INFO: Run Behavior\ReadHtmlCacheBehavior [ RunTime:0.000334s ]
INFO: [ app_begin ] --END-- [ RunTime:0.000535s ]
NOTIC: [2048] Declaration of Home\Model\UserModel::add() should be compatible with Think\Model::add($data = '', $options = Array, $replace = false) /Applications/XAMPP/xamppfiles/htdocs/Application/Home/Model/UserModel.class.php 第 13 行.
ERR: SQLSTATE[HY000] [14] unable to open database file

[ 2016-11-11T20:56:25+08:00 ] ::1 /user/add
INFO: [ app_init ] --START--
INFO: Run Behavior\BuildLiteBehavior [ RunTime:0.000050s ]
INFO: [ app_init ] --END-- [ RunTime:0.000473s ]
INFO: [ app_begin ] --START--
INFO: Run Behavior\ReadHtmlCacheBehavior [ RunTime:0.000351s ]
INFO: [ app_begin ] --END-- [ RunTime:0.000543s ]
NOTIC: [2048] Declaration of Home\Model\UserModel::add() should be compatible with Think\Model::add($data = '', $options = Array, $replace = false) /Applications/XAMPP/xamppfiles/htdocs/Application/Home/Model/UserModel.class.php 第 13 行.
ERR: SQLSTATE[HY000] [14] unable to open database file

[ 2016-11-11T21:01:29+08:00 ] ::1 /
INFO: [ app_init ] --START--
INFO: Run Behavior\BuildLiteBehavior [ RunTime:0.000019s ]
INFO: [ app_init ] --END-- [ RunTime:0.000428s ]
INFO: [ app_begin ] --START--
INFO: Run Behavior\ReadHtmlCacheBehavior [ RunTime:0.000484s ]
INFO: [ app_begin ] --END-- [ RunTime:0.000548s ]

[ 2016-11-11T21:01:30+08:00 ] ::1 /
INFO: [ app_init ] --START--
INFO: Run Behavior\BuildLiteBehavior [ RunTime:0.000017s ]
INFO: [ app_init ] --END-- [ RunTime:0.000104s ]
INFO: [ app_begin ] --START--
INFO: Run Behavior\ReadHtmlCacheBehavior [ RunTime:0.000043s ]
INFO: [ app_begin ] --END-- [ RunTime:0.000108s ]

[ 2016-11-11T21:01:34+08:00 ] ::1 /user/add
INFO: [ app_init ] --START--
INFO: Run Behavior\BuildLiteBehavior [ RunTime:0.000017s ]
INFO: [ app_init ] --END-- [ RunTime:0.000112s ]
INFO: [ app_begin ] --START--
INFO: Run Behavior\ReadHtmlCacheBehavior [ RunTime:0.000040s ]
INFO: [ app_begin ] --END-- [ RunTime:0.000093s ]
NOTIC: [2048] Declaration of Home\Model\UserModel::add() should be compatible with Think\Model::add($data = '', $options = Array, $replace = false) /Applications/XAMPP/xamppfiles/htdocs/Application/Home/Model/UserModel.class.php 第 13 行.
SQL: PRAGMA table_info( user ) [ RunTime:0.0002s ]
SQL: PRAGMA table_info( user ) [ RunTime:0.0000s ]
NOTIC: [8] Undefined index: validate /Applications/XAMPP/xamppfiles/htdocs/ThinkPHP/Library/Think/Model.class.php 第 1185 行.
NOTIC: [8] Undefined index: auto /Applications/XAMPP/xamppfiles/htdocs/ThinkPHP/Library/Think/Model.class.php 第 1128 行.
SQL: INSERT INTO user (email,username,nickname,password) VALUES ('dsad','asdas','dasd','dsa') [ RunTime:0.0023s ]

[ 2016-11-11T21:03:57+08:00 ] ::1 /
INFO: [ app_init ] --START--
INFO: Run Behavior\BuildLiteBehavior [ RunTime:0.000019s ]
INFO: [ app_init ] --END-- [ RunTime:0.000309s ]
INFO: [ app_begin ] --START--
INFO: Run Behavior\ReadHtmlCacheBehavior [ RunTime:0.000410s ]
INFO: [ app_begin ] --END-- [ RunTime:0.000476s ]

[ 2016-11-11T21:04:00+08:00 ] ::1 /?XDEBUG_SESSION_START=17568
INFO: [ app_init ] --START--
INFO: Run Behavior\BuildLiteBehavior [ RunTime:0.000046s ]
INFO: [ app_init ] --END-- [ RunTime:0.000470s ]
INFO: [ app_begin ] --START--
INFO: Run Behavior\ReadHtmlCacheBehavior [ RunTime:0.000333s ]
INFO: [ app_begin ] --END-- [ RunTime:0.000522s ]

[ 2016-11-11T21:04:07+08:00 ] ::1 /?XDEBUG_SESSION_START=10333
INFO: [ app_init ] --START--
INFO: Run Behavior\BuildLiteBehavior [ RunTime:0.000062s ]
INFO: [ app_init ] --END-- [ RunTime:0.000622s ]
INFO: [ app_begin ] --START--
INFO: Run Behavior\ReadHtmlCacheBehavior [ RunTime:0.000392s ]
INFO: [ app_begin ] --END-- [ RunTime:0.000614s ]

[ 2016-11-11T21:04:25+08:00 ] ::1 /user/add
INFO: [ app_init ] --START--
INFO: Run Behavior\BuildLiteBehavior [ RunTime:0.000046s ]
INFO: [ app_init ] --END-- [ RunTime:0.000423s ]
INFO: [ app_begin ] --START--
INFO: Run Behavior\ReadHtmlCacheBehavior [ RunTime:0.000346s ]
INFO: [ app_begin ] --END-- [ RunTime:0.000549s ]
NOTIC: [2048] Declaration of Home\Model\UserModel::add() should be compatible with Think\Model::add($data = '', $options = Array, $replace = false) /Applications/XAMPP/xamppfiles/htdocs/Application/Home/Model/UserModel.class.php 第 13 行.
SQL: PRAGMA table_info( user ) [ RunTime:0.0003s ]
SQL: PRAGMA table_info( user ) [ RunTime:0.0001s ]
NOTIC: [8] Undefined index: validate /Applications/XAMPP/xamppfiles/htdocs/ThinkPHP/Library/Think/Model.class.php 第 1185 行.
NOTIC: [8] Undefined index: auto /Applications/XAMPP/xamppfiles/htdocs/ThinkPHP/Library/Think/Model.class.php 第 1128 行.
SQL: INSERT INTO user (email,username,nickname,password) VALUES ('dsa','das','dasd','dasd') [ RunTime:0.0029s ]

[ 2016-11-11T21:06:41+08:00 ] ::1 /?XDEBUG_SESSION_START=11598
INFO: [ app_init ] --START--
INFO: Run Behavior\BuildLiteBehavior [ RunTime:0.000049s ]
INFO: [ app_init ] --END-- [ RunTime:0.000533s ]
INFO: [ app_begin ] --START--
INFO: Run Behavior\ReadHtmlCacheBehavior [ RunTime:0.000363s ]
INFO: [ app_begin ] --END-- [ RunTime:0.000555s ]

[ 2016-11-11T21:06:57+08:00 ] ::1 /user/add
INFO: [ app_init ] --START--
INFO: Run Behavior\BuildLiteBehavior [ RunTime:0.000049s ]
INFO: [ app_init ] --END-- [ RunTime:0.000499s ]
INFO: [ app_begin ] --START--
INFO: Run Behavior\ReadHtmlCacheBehavior [ RunTime:0.000329s ]
INFO: [ app_begin ] --END-- [ RunTime:0.000496s ]
NOTIC: [2048] Declaration of Home\Model\UserModel::add() should be compatible with Think\Model::add($data = '', $options = Array, $replace = false) /Applications/XAMPP/xamppfiles/htdocs/Application/Home/Model/UserModel.class.php 第 13 行.
SQL: PRAGMA table_info( user ) [ RunTime:0.0005s ]
SQL: PRAGMA table_info( user ) [ RunTime:0.0001s ]
NOTIC: [8] Undefined index: validate /Applications/XAMPP/xamppfiles/htdocs/ThinkPHP/Library/Think/Model.class.php 第 1185 行.
NOTIC: [8] Undefined index: auto /Applications/XAMPP/xamppfiles/htdocs/ThinkPHP/Library/Think/Model.class.php 第 1128 行.
SQL: INSERT INTO user (email,username,nickname,password) VALUES ('das','asda','das','das') [ RunTime:0.0035s ]

[ 2016-11-11T21:20:33+08:00 ] ::1 /?XDEBUG_SESSION_START=10533
INFO: [ app_init ] --START--
INFO: Run Behavior\BuildLiteBehavior [ RunTime:0.000044s ]
INFO: [ app_init ] --END-- [ RunTime:0.000470s ]
INFO: [ app_begin ] --START--
INFO: Run Behavior\ReadHtmlCacheBehavior [ RunTime:0.000338s ]
INFO: [ app_begin ] --END-- [ RunTime:0.000529s ]

[ 2016-11-11T21:20:56+08:00 ] ::1 /user/add
INFO: [ app_init ] --START--
INFO: Run Behavior\BuildLiteBehavior [ RunTime:0.000042s ]
INFO: [ app_init ] --END-- [ RunTime:0.000396s ]
INFO: [ app_begin ] --START--
INFO: Run Behavior\ReadHtmlCacheBehavior [ RunTime:0.000277s ]
INFO: [ app_begin ] --END-- [ RunTime:0.000438s ]
NOTIC: [2048] Declaration of Home\Model\UserModel::add() should be compatible with Think\Model::add($data = '', $options = Array, $replace = false) /Applications/XAMPP/xamppfiles/htdocs/Application/Home/Model/UserModel.class.php 第 13 行.
SQL: PRAGMA table_info( user ) [ RunTime:0.0005s ]
SQL: PRAGMA table_info( user ) [ RunTime:0.0002s ]
NOTIC: [8] Undefined index: validate /Applications/XAMPP/xamppfiles/htdocs/ThinkPHP/Library/Think/Model.class.php 第 1185 行.
NOTIC: [8] Undefined index: auto /Applications/XAMPP/xamppfiles/htdocs/ThinkPHP/Library/Think/Model.class.php 第 1128 行.
SQL: INSERT INTO user (email,username,nickname,password) VALUES ('dsa','dasd','dsa','das') [ RunTime:0.0046s ]

[ 2016-11-11T21:28:27+08:00 ] ::1 /?XDEBUG_SESSION_START=12919
INFO: [ app_init ] --START--
INFO: Run Behavior\BuildLiteBehavior [ RunTime:0.000090s ]
INFO: [ app_init ] --END-- [ RunTime:0.000903s ]
INFO: [ app_begin ] --START--
INFO: Run Behavior\ReadHtmlCacheBehavior [ RunTime:0.000423s ]
INFO: [ app_begin ] --END-- [ RunTime:0.000643s ]

[ 2016-11-11T21:28:47+08:00 ] ::1 /user/add
INFO: [ app_init ] --START--
INFO: Run Behavior\BuildLiteBehavior [ RunTime:0.000049s ]
INFO: [ app_init ] --END-- [ RunTime:0.000496s ]
INFO: [ app_begin ] --START--
INFO: Run Behavior\ReadHtmlCacheBehavior [ RunTime:0.000327s ]
INFO: [ app_begin ] --END-- [ RunTime:0.000497s ]
NOTIC: [2048] Declaration of Home\Model\UserModel::add() should be compatible with Think\Model::add($data = '', $options = Array, $replace = false) /Applications/XAMPP/xamppfiles/htdocs/Application/Home/Model/UserModel.class.php 第 13 行.
SQL: PRAGMA table_info( user ) [ RunTime:0.0004s ]
SQL: PRAGMA table_info( user ) [ RunTime:0.0001s ]
NOTIC: [8] Undefined index: validate /Applications/XAMPP/xamppfiles/htdocs/ThinkPHP/Library/Think/Model.class.php 第 1185 行.
NOTIC: [2] in_array() expects parameter 2 to be array, boolean given /Applications/XAMPP/xamppfiles/htdocs/ThinkPHP/Library/Think/Model.class.php 第 1055 行.
NOTIC: [2] in_array() expects parameter 2 to be array, boolean given /Applications/XAMPP/xamppfiles/htdocs/ThinkPHP/Library/Think/Model.class.php 第 1055 行.
NOTIC: [2] in_array() expects parameter 2 to be array, boolean given /Applications/XAMPP/xamppfiles/htdocs/ThinkPHP/Library/Think/Model.class.php 第 1055 行.
NOTIC: [2] in_array() expects parameter 2 to be array, boolean given /Applications/XAMPP/xamppfiles/htdocs/ThinkPHP/Library/Think/Model.class.php 第 1055 行.
NOTIC: [8] Undefined index: auto /Applications/XAMPP/xamppfiles/htdocs/ThinkPHP/Library/Think/Model.class.php 第 1128 行.

[ 2016-11-11T22:11:36+08:00 ] ::1 /?XDEBUG_SESSION_START=11316
INFO: [ app_init ] --START--
INFO: Run Behavior\BuildLiteBehavior [ RunTime:0.000041s ]
INFO: [ app_init ] --END-- [ RunTime:0.000427s ]
INFO: [ app_begin ] --START--
INFO: Run Behavior\ReadHtmlCacheBehavior [ RunTime:0.000333s ]
INFO: [ app_begin ] --END-- [ RunTime:0.000527s ]

[ 2016-11-11T22:16:09+08:00 ] ::1 /?XDEBUG_SESSION_START=19793
INFO: [ app_init ] --START--
INFO: Run Behavior\BuildLiteBehavior [ RunTime:0.000053s ]
INFO: [ app_init ] --END-- [ RunTime:0.000538s ]
INFO: [ app_begin ] --START--
INFO: Run Behavior\ReadHtmlCacheBehavior [ RunTime:0.000483s ]
INFO: [ app_begin ] --END-- [ RunTime:0.000769s ]

[ 2016-11-11T22:20:28+08:00 ] ::1 /?XDEBUG_SESSION_START=12819
INFO: [ app_init ] --START--
INFO: Run Behavior\BuildLiteBehavior [ RunTime:0.000049s ]
INFO: [ app_init ] --END-- [ RunTime:0.000450s ]
INFO: [ app_begin ] --START--
INFO: Run Behavior\ReadHtmlCacheBehavior [ RunTime:0.000351s ]
INFO: [ app_begin ] --END-- [ RunTime:0.000557s ]

[ 2016-11-11T22:23:52+08:00 ] ::1 /?XDEBUG_SESSION_START=14209
INFO: [ app_init ] --START--
INFO: Run Behavior\BuildLiteBehavior [ RunTime:0.000048s ]
INFO: [ app_init ] --END-- [ RunTime:0.000496s ]
INFO: [ app_begin ] --START--
INFO: Run Behavior\ReadHtmlCacheBehavior [ RunTime:0.000408s ]
INFO: [ app_begin ] --END-- [ RunTime:0.000616s ]

[ 2016-11-11T22:25:17+08:00 ] ::1 /user/add
INFO: [ app_init ] --START--
INFO: Run Behavior\BuildLiteBehavior [ RunTime:0.000049s ]
INFO: [ app_init ] --END-- [ RunTime:0.000516s ]
INFO: [ app_begin ] --START--
INFO: Run Behavior\ReadHtmlCacheBehavior [ RunTime:0.000368s ]
INFO: [ app_begin ] --END-- [ RunTime:0.000531s ]
NOTIC: [2048] Declaration of Home\Model\UserModel::add() should be compatible with Think\Model::add($data = '', $options = Array, $replace = false) /Applications/XAMPP/xamppfiles/htdocs/Application/Home/Model/UserModel.class.php 第 13 行.
SQL: PRAGMA table_info( user ) [ RunTime:0.0003s ]
SQL: PRAGMA table_info( user ) [ RunTime:0.0001s ]
NOTIC: [8] Undefined index: validate /Applications/XAMPP/xamppfiles/htdocs/ThinkPHP/Library/Think/Model.class.php 第 1185 行.
NOTIC: [2] in_array() expects parameter 2 to be array, boolean given /Applications/XAMPP/xamppfiles/htdocs/ThinkPHP/Library/Think/Model.class.php 第 1055 行.
NOTIC: [2] in_array() expects parameter 2 to be array, boolean given /Applications/XAMPP/xamppfiles/htdocs/ThinkPHP/Library/Think/Model.class.php 第 1055 行.
NOTIC: [2] in_array() expects parameter 2 to be array, boolean given /Applications/XAMPP/xamppfiles/htdocs/ThinkPHP/Library/Think/Model.class.php 第 1055 行.
NOTIC: [2] in_array() expects parameter 2 to be array, boolean given /Applications/XAMPP/xamppfiles/htdocs/ThinkPHP/Library/Think/Model.class.php 第 1055 行.
NOTIC: [8] Undefined index: auto /Applications/XAMPP/xamppfiles/htdocs/ThinkPHP/Library/Think/Model.class.php 第 1128 行.

[ 2016-11-11T22:25:55+08:00 ] ::1 /?XDEBUG_SESSION_START=10433
INFO: [ app_init ] --START--
INFO: Run Behavior\BuildLiteBehavior [ RunTime:0.000059s ]
INFO: [ app_init ] --END-- [ RunTime:0.000620s ]
INFO: [ app_begin ] --START--
INFO: Run Behavior\ReadHtmlCacheBehavior [ RunTime:0.000463s ]
INFO: [ app_begin ] --END-- [ RunTime:0.000720s ]

[ 2016-11-11T22:26:30+08:00 ] ::1 /user/add
INFO: [ app_init ] --START--
INFO: Run Behavior\BuildLiteBehavior [ RunTime:0.000068s ]
INFO: [ app_init ] --END-- [ RunTime:0.000470s ]
INFO: [ app_begin ] --START--
INFO: Run Behavior\ReadHtmlCacheBehavior [ RunTime:0.000336s ]
INFO: [ app_begin ] --END-- [ RunTime:0.000495s ]
NOTIC: [2048] Declaration of Home\Model\UserModel::add() should be compatible with Think\Model::add($data = '', $options = Array, $replace = false) /Applications/XAMPP/xamppfiles/htdocs/Application/Home/Model/UserModel.class.php 第 13 行.
SQL: PRAGMA table_info( user ) [ RunTime:0.0004s ]
SQL: PRAGMA table_info( user ) [ RunTime:0.0001s ]
NOTIC: [8] Undefined index: validate /Applications/XAMPP/xamppfiles/htdocs/ThinkPHP/Library/Think/Model.class.php 第 1185 行.
NOTIC: [8] Undefined index: auto /Applications/XAMPP/xamppfiles/htdocs/ThinkPHP/Library/Think/Model.class.php 第 1128 行.
SQL: INSERT INTO user (email,password,nickname,username) VALUES ('bestwujiayi@163.com','14d8d84451cadecca98b3019ed8d415d','伍佳艺','wujiayi') [ RunTime:0.0035s ]

